#
# A fatal error has been detected by the Java Runtime Environment:
#
#  EXCEPTION_ACCESS_VIOLATION (0xc0000005) at pc=0x00007ff8a9828f56, pid=25692, tid=20976
#
# JRE version: OpenJDK Runtime Environment JBR-21.0.5+8-631.16-jcef (21.0.5+8) (build 21.0.5+8-b631.16)
# Java VM: OpenJDK 64-Bit Server VM JBR-21.0.5+8-631.16-jcef (21.0.5+8-b631.16, mixed mode, sharing, tiered, compressed oops, compressed class ptrs, g1 gc, windows-amd64)
# Problematic frame:
# V  [jvm.dll+0x1e8f56]
#
# No core dump will be written. Minidumps are not enabled by default on client versions of Windows
#
# If you would like to submit a bug report, please visit:
#   https://youtrack.jetbrains.com/issues/JBR
#

---------------  S U M M A R Y ------------

Command Line: git4idea.http.GitAskPassApp Password for 'https://ficklative@github.com': 

Host: 13th Gen Intel(R) Core(TM) i5-13400F, 16 cores, 31G,  Windows 11 , 64 bit Build 26100 (10.0.26100.4202)
Time: Sun Jun 29 12:25:43 2025 Eastern Daylight Time elapsed time: 0.380486 seconds (0d 0h 0m 0s)

---------------  T H R E A D  ---------------

Current thread (0x0000025b247a2d50):  JavaThread "C2 CompilerThread0" daemon [_thread_in_native, id=20976, stack(0x000000a1fb600000,0x000000a1fb700000) (1024K)]


Current CompileTask:
C2:380 1177       4       sun.security.ec.ECOperations::setDouble (463 bytes)

Stack: [0x000000a1fb600000,0x000000a1fb700000],  sp=0x000000a1fb6fcb10,  free space=1010k
Native frames: (J=compiled Java code, j=interpreted, Vv=VM code, C=native code)
V  [jvm.dll+0x1e8f56]
V  [jvm.dll+0x3c471b]
V  [jvm.dll+0x3c3705]
V  [jvm.dll+0x1e6218]
V  [jvm.dll+0x2508f4]
V  [jvm.dll+0x24fd71]
V  [jvm.dll+0x1cd6a4]
V  [jvm.dll+0x25f5dc]
V  [jvm.dll+0x25db26]
V  [jvm.dll+0x3ff5e6]
V  [jvm.dll+0x86b248]
V  [jvm.dll+0x6e3abd]
C  [ucrtbase.dll+0x37b0]
C  [KERNEL32.DLL+0x2e8d7]
C  [ntdll.dll+0x3c34c]


siginfo: EXCEPTION_ACCESS_VIOLATION (0xc0000005), reading address 0x0000005b2483f3e0


Registers:
RAX=0x0000005b2483f380, RBX=0x0000025b6b45ae40, RCX=0x000000000000000c, RDX=0x0000000000000c2c
RSP=0x000000a1fb6fcb10, RBP=0x000000a1fb6fce90, RSI=0x0000000000001670, RDI=0x0000000000000c2c
R8 =0x0000000000000c2c, R9 =0x000000000000007e, R10=0xffffffffffffffff, R11=0x000000000000000a
R12=0x0000000000001670, R13=0x0000025b6a3df920, R14=0x000000a1fb6fd210, R15=0x0000000000000000
RIP=0x00007ff8a9828f56, EFLAGS=0x0000000000010206


Register to memory mapping:

RAX=0x0000005b2483f380 is an unknown value
RBX=0x0000025b6b45ae40 points into unknown readable memory: 0x0000000000000000 | 00 00 00 00 00 00 00 00
RCX=0x000000000000000c is an unknown value
RDX=0x0000000000000c2c is an unknown value
RSP=0x000000a1fb6fcb10 is pointing into the stack for thread: 0x0000025b247a2d50
RBP=0x000000a1fb6fce90 is pointing into the stack for thread: 0x0000025b247a2d50
RSI=0x0000000000001670 is an unknown value
RDI=0x0000000000000c2c is an unknown value
R8 =0x0000000000000c2c is an unknown value
R9 =0x000000000000007e is an unknown value
R10=0xffffffffffffffff is an unknown value
R11=0x000000000000000a is an unknown value
R12=0x0000000000001670 is an unknown value
R13=0x0000025b6a3df920 points into unknown readable memory: 0x00007ff8aa05c140 | 40 c1 05 aa f8 7f 00 00
R14=0x000000a1fb6fd210 is pointing into the stack for thread: 0x0000025b247a2d50
R15=0x0 is null

Top of Stack: (sp=0x000000a1fb6fcb10)
0x000000a1fb6fcb10:   0000025b6b45aee0 0000000000000000
0x000000a1fb6fcb20:   ffffffff3f3fffff ffffffffffffffff
0x000000a1fb6fcb30:   0000025b6b956e90 00007ff8a9a0471b
0x000000a1fb6fcb40:   0000025b6b9c7d50 0000025b6b9c7d50
0x000000a1fb6fcb50:   ffffffffffffffff ffffffffffffffff
0x000000a1fb6fcb60:   000000000000007e 0000000100000c2c
0x000000a1fb6fcb70:   000000170000000d 0000025b6a5082a0
0x000000a1fb6fcb80:   0000025b6a508610 000000a1fb6fcc80
0x000000a1fb6fcb90:   0000000000000001 0000000000000000
0x000000a1fb6fcba0:   0000025b6b9c7d50 00007ff8a9a03705
0x000000a1fb6fcbb0:   000000a1fb6fd210 000000a1fb6fccb0
0x000000a1fb6fcbc0:   000000000000000a 00007ff9a3f2eff1
0x000000a1fb6fcbd0:   000000a1fb6fcbf0 00007ff800000006
0x000000a1fb6fcbe0:   0000000c00000009 0000025b00000011
0x000000a1fb6fcbf0:   0000001100000000 0000000e00000020
0x000000a1fb6fcc00:   0000000000000000 0000001300000001
0x000000a1fb6fcc10:   0000000d0000000c 00007ff800000000
0x000000a1fb6fcc20:   0000025b00000012 0000025b6acc6b90
0x000000a1fb6fcc30:   0000001200000411 000000000000000a
0x000000a1fb6fcc40:   0000000000000000 00000004000008ff
0x000000a1fb6fcc50:   0000000900000009 0000025b6a507580
0x000000a1fb6fcc60:   0000025b6a507e30 000000a1fb6fcc80
0x000000a1fb6fcc70:   0000025b6acc6bfc 0000025b6acc6c04
0x000000a1fb6fcc80:   000000170000000d 0000025b6a508610
0x000000a1fb6fcc90:   00000000000000e1 0000000000000708
0x000000a1fb6fcca0:   0000025b6aa651f0 0000000000000458
0x000000a1fb6fccb0:   0000025b6aa651f0 00007ff8a9c2d66a
0x000000a1fb6fccc0:   0000000000000007 000000a1fb6fcd69
0x000000a1fb6fccd0:   0000025b6a7875e0 000000a1fb6fcd69
0x000000a1fb6fcce0:   000000a1fb6fcd58 00007ff8a9ebe950
0x000000a1fb6fccf0:   0000025b216ff430 0000000000000708
0x000000a1fb6fcd00:   0000025b00000008 0000025b2476de90 

Instructions: (pc=0x00007ff8a9828f56)
0x00007ff8a9828e56:   bb 88 00 00 00 00 7d 07 b8 ff ff 0f 00 eb 09 48
0x00007ff8a9828e66:   8d 4b 38 e8 12 9e 54 00 0f b7 8b 9c 00 00 00 3b
0x00007ff8a9828e76:   c1 89 83 98 00 00 00 79 11 81 8b a8 00 00 00 00
0x00007ff8a9828e86:   01 00 00 c7 43 30 2f 75 00 00 ff c7 c7 43 34 00
0x00007ff8a9828e96:   00 00 00 3b be e0 00 00 00 0f 82 7b ff ff ff 0f
0x00007ff8a9828ea6:   28 74 24 40 48 83 c4 58 41 5f 41 5e 41 5d 41 5c
0x00007ff8a9828eb6:   5f 5e 5d 5b c3 ba f8 03 00 00 48 8d 0d 71 35 83
0x00007ff8a9828ec6:   00 e8 64 ff 09 00 cc 0f 1f 00 dc 8a 1e 00 bb 8e
0x00007ff8a9828ed6:   1e 00 dc 8a 1e 00 dc 8a 1e 00 66 8a 1e 00 dc 8a
0x00007ff8a9828ee6:   1e 00 a9 8a 1e 00 a9 8a 1e 00 1c 8b 1e 00 dc 8a
0x00007ff8a9828ef6:   1e 00 f9 8a 1e 00 1c 8b 1e 00 23 8b 1e 00 2a 8b
0x00007ff8a9828f06:   1e 00 f9 8a 1e 00 dc 8a 1e 00 48 8b 41 58 48 63
0x00007ff8a9828f16:   48 10 48 8d 05 85 12 a7 00 48 c1 e1 05 8b 04 01
0x00007ff8a9828f26:   c3 cc cc cc cc cc cc cc cc cc 40 53 48 83 ec 20
0x00007ff8a9828f36:   48 8b d9 85 d2 75 08 32 c0 48 83 c4 20 5b c3 48
0x00007ff8a9828f46:   8b 43 08 8b ca 48 c1 e9 08 48 89 7c 24 30 8b fa
0x00007ff8a9828f56:   4c 8b 04 c8 48 8d 05 ff d7 ac 00 4c 3b c0 75 0b
0x00007ff8a9828f66:   48 8b cb e8 c2 07 1e 00 4c 8b c0 40 0f b6 cf ba
0x00007ff8a9828f76:   01 00 00 00 48 c1 ef 06 80 e1 3f 83 e7 03 48 d3
0x00007ff8a9828f86:   e2 49 8b 0c f8 48 8b c1 48 0b c2 49 89 04 f8 48
0x00007ff8a9828f96:   8b 7c 24 30 48 23 ca 75 02 ff 03 48 85 c9 0f 94
0x00007ff8a9828fa6:   c0 48 83 c4 20 5b c3 cc cc cc 44 8b d2 41 3b d0
0x00007ff8a9828fb6:   7c 47 41 8d 80 c0 02 00 00 3b d0 7d 3c 44 8b ca
0x00007ff8a9828fc6:   45 2b c8 41 8b c1 83 e0 3f 0f b6 d0 41 8b c1 48
0x00007ff8a9828fd6:   c1 e8 06 48 8b 44 c1 38 48 0f a3 d0 73 1b 0f b7
0x00007ff8a9828fe6:   81 9c 00 00 00 83 f8 01 74 0c 8d 48 ff 8b c1 41
0x00007ff8a9828ff6:   23 c2 3b c1 75 03 b0 01 c3 32 c0 c3 cc cc cc cc
0x00007ff8a9829006:   cc cc cc cc cc cc cc cc cc cc 40 57 41 57 48 83
0x00007ff8a9829016:   ec 38 4c 8b 41 48 33 ff 48 89 5c 24 58 4c 8b f9
0x00007ff8a9829026:   48 89 74 24 68 4c 89 64 24 30 44 8b e7 4c 89 6c
0x00007ff8a9829036:   24 28 44 8b ef 41 39 78 40 0f 86 ba 00 00 00 48
0x00007ff8a9829046:   89 6c 24 60 4c 89 74 24 20 90 49 8b 40 30 8b ef 


Stack slot to memory mapping:

stack at sp + 0 slots: 0x0000025b6b45aee0 points into unknown readable memory: 0x000000170000000a | 0a 00 00 00 17 00 00 00
stack at sp + 1 slots: 0x0 is null
stack at sp + 2 slots: 0xffffffff3f3fffff is an unknown value
stack at sp + 3 slots: 0xffffffffffffffff is an unknown value
stack at sp + 4 slots: 0x0000025b6b956e90 points into unknown readable memory: 0x0000000000000000 | 00 00 00 00 00 00 00 00
stack at sp + 5 slots: 0x00007ff8a9a0471b jvm.dll
stack at sp + 6 slots: 0x0000025b6b9c7d50 points into unknown readable memory: 0x3e9ffeb783d7af4d | 4d af d7 83 b7 fe 9f 3e
stack at sp + 7 slots: 0x0000025b6b9c7d50 points into unknown readable memory: 0x3e9ffeb783d7af4d | 4d af d7 83 b7 fe 9f 3e


---------------  P R O C E S S  ---------------

Threads class SMR info:
_java_thread_list=0x0000025b6a0a2130, length=20, elements={
0x0000025b01b156f0, 0x0000025b24782b10, 0x0000025b24785770, 0x0000025b2478bd40,
0x0000025b2478a300, 0x0000025b2478a990, 0x0000025b2478c3d0, 0x0000025b247a2d50,
0x0000025b247b6cf0, 0x0000025b248a3d10, 0x0000025b247895e0, 0x0000025b2478b020,
0x0000025b24a92470, 0x0000025b24789c70, 0x0000025b2478ca60, 0x0000025b2478b6b0,
0x0000025b6a22f7a0, 0x0000025b6a230250, 0x0000025b6a2308f0, 0x0000025b6a21c7b0
}

Java Threads: ( => current thread )
  0x0000025b01b156f0 JavaThread "main"                              [_thread_blocked, id=30164, stack(0x000000a1fa800000,0x000000a1fa900000) (1024K)]
  0x0000025b24782b10 JavaThread "Reference Handler"          daemon [_thread_blocked, id=29356, stack(0x000000a1fb000000,0x000000a1fb100000) (1024K)]
  0x0000025b24785770 JavaThread "Finalizer"                  daemon [_thread_blocked, id=25804, stack(0x000000a1fb100000,0x000000a1fb200000) (1024K)]
  0x0000025b2478bd40 JavaThread "Signal Dispatcher"          daemon [_thread_blocked, id=28520, stack(0x000000a1fb200000,0x000000a1fb300000) (1024K)]
  0x0000025b2478a300 JavaThread "Attach Listener"            daemon [_thread_blocked, id=16176, stack(0x000000a1fb300000,0x000000a1fb400000) (1024K)]
  0x0000025b2478a990 JavaThread "Service Thread"             daemon [_thread_blocked, id=28540, stack(0x000000a1fb400000,0x000000a1fb500000) (1024K)]
  0x0000025b2478c3d0 JavaThread "Monitor Deflation Thread"   daemon [_thread_blocked, id=10024, stack(0x000000a1fb500000,0x000000a1fb600000) (1024K)]
=>0x0000025b247a2d50 JavaThread "C2 CompilerThread0"         daemon [_thread_in_native, id=20976, stack(0x000000a1fb600000,0x000000a1fb700000) (1024K)]
  0x0000025b247b6cf0 JavaThread "C1 CompilerThread0"         daemon [_thread_blocked, id=19908, stack(0x000000a1fb700000,0x000000a1fb800000) (1024K)]
  0x0000025b248a3d10 JavaThread "C1 CompilerThread1"         daemon [_thread_blocked, id=8048, stack(0x000000a1fb800000,0x000000a1fb900000) (1024K)]
  0x0000025b247895e0 JavaThread "Notification Thread"        daemon [_thread_blocked, id=27660, stack(0x000000a1fb900000,0x000000a1fba00000) (1024K)]
  0x0000025b2478b020 JavaThread "Common-Cleaner"             daemon [_thread_blocked, id=15988, stack(0x000000a1fba00000,0x000000a1fbb00000) (1024K)]
  0x0000025b24a92470 JavaThread "C1 CompilerThread2"         daemon [_thread_blocked, id=22348, stack(0x000000a1fbb00000,0x000000a1fbc00000) (1024K)]
  0x0000025b24789c70 JavaThread "HttpClient-1-SelectorManager" daemon [_thread_in_native, id=2492, stack(0x000000a1fbc00000,0x000000a1fbd00000) (1024K)]
  0x0000025b2478ca60 JavaThread "HttpClient-1-Worker-0"      daemon [_thread_blocked, id=12724, stack(0x000000a1fbe00000,0x000000a1fbf00000) (1024K)]
  0x0000025b2478b6b0 JavaThread "HttpClient-1-Worker-1"      daemon [_thread_blocked, id=5504, stack(0x000000a1fbf00000,0x000000a1fc000000) (1024K)]
  0x0000025b6a22f7a0 JavaThread "C2 CompilerThread1"         daemon [_thread_blocked, id=29796, stack(0x000000a1fc000000,0x000000a1fc100000) (1024K)]
  0x0000025b6a230250 JavaThread "C2 CompilerThread2"         daemon [_thread_blocked, id=10204, stack(0x000000a1fc100000,0x000000a1fc200000) (1024K)]
  0x0000025b6a2308f0 JavaThread "C2 CompilerThread3"         daemon [_thread_blocked, id=15280, stack(0x000000a1fc200000,0x000000a1fc300000) (1024K)]
  0x0000025b6a21c7b0 JavaThread "C2 CompilerThread4"         daemon [_thread_blocked, id=29308, stack(0x000000a1fc300000,0x000000a1fc400000) (1024K)]
Total: 20

Other Threads:
  0x0000025b24764800 VMThread "VM Thread"                           [id=31852, stack(0x000000a1faf00000,0x000000a1fb000000) (1024K)] _threads_hazard_ptr=0x0000025b6a0a2130
  0x0000025b03f83180 WorkerThread "GC Thread#0"                     [id=23600, stack(0x000000a1fa900000,0x000000a1faa00000) (1024K)]
  0x0000025b03f94eb0 ConcurrentGCThread "G1 Main Marker"            terminated
  0x0000025b03f959b0 WorkerThread "G1 Conc#0"                       [id=20636, stack(0x000000a1fab00000,0x000000a1fac00000) (1024K)]
  0x0000025b21700e20 ConcurrentGCThread "G1 Refine#0"               terminated
  0x0000025b21702650 ConcurrentGCThread "G1 Service"                terminated
Total: 6

Threads with active compile tasks:
C2 CompilerThread0  410 1177       4       sun.security.ec.ECOperations::setDouble (463 bytes)
C2 CompilerThread3  410 1361       4       java.lang.invoke.VarHandle::checkAccessModeThenIsDirect (29 bytes)
Total: 2

VM state: at safepoint (normal execution)

VM Mutex/Monitor currently owned by a thread:  ([mutex/lock_event])
[0x00007ff8aa30ea30] Threads_lock - owner thread: 0x0000025b24764800
[0x00007ff8aa30eb30] Heap_lock - owner thread: 0x0000025b01b156f0

Heap address: 0x0000000602400000, size: 8156 MB, Compressed Oops mode: Zero based, Oop shift amount: 3

CDS archive(s) mapped at: [0x0000025b25000000-0x0000025b25d00000-0x0000025b25d00000), size 13631488, SharedBaseAddress: 0x0000025b25000000, ArchiveRelocationMode: 1.
Compressed class space mapped at: 0x0000025b26000000-0x0000025b66000000, reserved size: 1073741824
Narrow klass base: 0x0000025b25000000, Narrow klass shift: 0, Narrow klass range: 0x100000000

GC Precious Log:
 CardTable entry size: 512
 Card Set container configuration: InlinePtr #cards 4 size 8 Array Of Cards #cards 32 size 80 Howl #buckets 8 coarsen threshold 7372 Howl Bitmap #cards 1024 size 144 coarsen threshold 921 Card regions per heap region 1 cards per card region 8192
 CPUs: 16 total, 16 available
 Memory: 32623M
 Large Page Support: Disabled
 NUMA Support: Disabled
 Compressed Oops: Enabled (Zero based)
 Heap Region Size: 4M
 Heap Min Capacity: 8M
 Heap Initial Capacity: 512M
 Heap Max Capacity: 8156M
 Pre-touch: Disabled
 Parallel Workers: 13
 Concurrent Workers: 3
 Concurrent Refinement Workers: 13
 Periodic GC: Disabled

Heap:
 garbage-first heap   total 524288K, used 16384K [0x0000000602400000, 0x0000000800000000)
  region size 4096K, 5 young (20480K), 0 survivors (0K)
 Metaspace       used 9607K, committed 9856K, reserved 1114112K
  class space    used 1101K, committed 1216K, reserved 1048576K

Heap Regions: E=young(eden), S=young(survivor), O=old, HS=humongous(starts), HC=humongous(continues), CS=collection set, F=free, TAMS=top-at-mark-start, PB=parsable bottom
|   0|0x0000000602400000, 0x0000000602400000, 0x0000000602800000|  0%| F|  |TAMS 0x0000000602400000| PB 0x0000000602400000| Untracked 
|   1|0x0000000602800000, 0x0000000602800000, 0x0000000602c00000|  0%| F|  |TAMS 0x0000000602800000| PB 0x0000000602800000| Untracked 
|   2|0x0000000602c00000, 0x0000000602c00000, 0x0000000603000000|  0%| F|  |TAMS 0x0000000602c00000| PB 0x0000000602c00000| Untracked 
|   3|0x0000000603000000, 0x0000000603000000, 0x0000000603400000|  0%| F|  |TAMS 0x0000000603000000| PB 0x0000000603000000| Untracked 
|   4|0x0000000603400000, 0x0000000603400000, 0x0000000603800000|  0%| F|  |TAMS 0x0000000603400000| PB 0x0000000603400000| Untracked 
|   5|0x0000000603800000, 0x0000000603800000, 0x0000000603c00000|  0%| F|  |TAMS 0x0000000603800000| PB 0x0000000603800000| Untracked 
|   6|0x0000000603c00000, 0x0000000603c00000, 0x0000000604000000|  0%| F|  |TAMS 0x0000000603c00000| PB 0x0000000603c00000| Untracked 
|   7|0x0000000604000000, 0x0000000604000000, 0x0000000604400000|  0%| F|  |TAMS 0x0000000604000000| PB 0x0000000604000000| Untracked 
|   8|0x0000000604400000, 0x0000000604400000, 0x0000000604800000|  0%| F|  |TAMS 0x0000000604400000| PB 0x0000000604400000| Untracked 
|   9|0x0000000604800000, 0x0000000604800000, 0x0000000604c00000|  0%| F|  |TAMS 0x0000000604800000| PB 0x0000000604800000| Untracked 
|  10|0x0000000604c00000, 0x0000000604c00000, 0x0000000605000000|  0%| F|  |TAMS 0x0000000604c00000| PB 0x0000000604c00000| Untracked 
|  11|0x0000000605000000, 0x0000000605000000, 0x0000000605400000|  0%| F|  |TAMS 0x0000000605000000| PB 0x0000000605000000| Untracked 
|  12|0x0000000605400000, 0x0000000605400000, 0x0000000605800000|  0%| F|  |TAMS 0x0000000605400000| PB 0x0000000605400000| Untracked 
|  13|0x0000000605800000, 0x0000000605800000, 0x0000000605c00000|  0%| F|  |TAMS 0x0000000605800000| PB 0x0000000605800000| Untracked 
|  14|0x0000000605c00000, 0x0000000605c00000, 0x0000000606000000|  0%| F|  |TAMS 0x0000000605c00000| PB 0x0000000605c00000| Untracked 
|  15|0x0000000606000000, 0x0000000606000000, 0x0000000606400000|  0%| F|  |TAMS 0x0000000606000000| PB 0x0000000606000000| Untracked 
|  16|0x0000000606400000, 0x0000000606400000, 0x0000000606800000|  0%| F|  |TAMS 0x0000000606400000| PB 0x0000000606400000| Untracked 
|  17|0x0000000606800000, 0x0000000606800000, 0x0000000606c00000|  0%| F|  |TAMS 0x0000000606800000| PB 0x0000000606800000| Untracked 
|  18|0x0000000606c00000, 0x0000000606c00000, 0x0000000607000000|  0%| F|  |TAMS 0x0000000606c00000| PB 0x0000000606c00000| Untracked 
|  19|0x0000000607000000, 0x0000000607000000, 0x0000000607400000|  0%| F|  |TAMS 0x0000000607000000| PB 0x0000000607000000| Untracked 
|  20|0x0000000607400000, 0x0000000607400000, 0x0000000607800000|  0%| F|  |TAMS 0x0000000607400000| PB 0x0000000607400000| Untracked 
|  21|0x0000000607800000, 0x0000000607800000, 0x0000000607c00000|  0%| F|  |TAMS 0x0000000607800000| PB 0x0000000607800000| Untracked 
|  22|0x0000000607c00000, 0x0000000607c00000, 0x0000000608000000|  0%| F|  |TAMS 0x0000000607c00000| PB 0x0000000607c00000| Untracked 
|  23|0x0000000608000000, 0x0000000608000000, 0x0000000608400000|  0%| F|  |TAMS 0x0000000608000000| PB 0x0000000608000000| Untracked 
|  24|0x0000000608400000, 0x0000000608400000, 0x0000000608800000|  0%| F|  |TAMS 0x0000000608400000| PB 0x0000000608400000| Untracked 
|  25|0x0000000608800000, 0x0000000608800000, 0x0000000608c00000|  0%| F|  |TAMS 0x0000000608800000| PB 0x0000000608800000| Untracked 
|  26|0x0000000608c00000, 0x0000000608c00000, 0x0000000609000000|  0%| F|  |TAMS 0x0000000608c00000| PB 0x0000000608c00000| Untracked 
|  27|0x0000000609000000, 0x0000000609000000, 0x0000000609400000|  0%| F|  |TAMS 0x0000000609000000| PB 0x0000000609000000| Untracked 
|  28|0x0000000609400000, 0x0000000609400000, 0x0000000609800000|  0%| F|  |TAMS 0x0000000609400000| PB 0x0000000609400000| Untracked 
|  29|0x0000000609800000, 0x0000000609800000, 0x0000000609c00000|  0%| F|  |TAMS 0x0000000609800000| PB 0x0000000609800000| Untracked 
|  30|0x0000000609c00000, 0x0000000609c00000, 0x000000060a000000|  0%| F|  |TAMS 0x0000000609c00000| PB 0x0000000609c00000| Untracked 
|  31|0x000000060a000000, 0x000000060a000000, 0x000000060a400000|  0%| F|  |TAMS 0x000000060a000000| PB 0x000000060a000000| Untracked 
|  32|0x000000060a400000, 0x000000060a400000, 0x000000060a800000|  0%| F|  |TAMS 0x000000060a400000| PB 0x000000060a400000| Untracked 
|  33|0x000000060a800000, 0x000000060a800000, 0x000000060ac00000|  0%| F|  |TAMS 0x000000060a800000| PB 0x000000060a800000| Untracked 
|  34|0x000000060ac00000, 0x000000060ac00000, 0x000000060b000000|  0%| F|  |TAMS 0x000000060ac00000| PB 0x000000060ac00000| Untracked 
|  35|0x000000060b000000, 0x000000060b000000, 0x000000060b400000|  0%| F|  |TAMS 0x000000060b000000| PB 0x000000060b000000| Untracked 
|  36|0x000000060b400000, 0x000000060b400000, 0x000000060b800000|  0%| F|  |TAMS 0x000000060b400000| PB 0x000000060b400000| Untracked 
|  37|0x000000060b800000, 0x000000060b800000, 0x000000060bc00000|  0%| F|  |TAMS 0x000000060b800000| PB 0x000000060b800000| Untracked 
|  38|0x000000060bc00000, 0x000000060bc00000, 0x000000060c000000|  0%| F|  |TAMS 0x000000060bc00000| PB 0x000000060bc00000| Untracked 
|  39|0x000000060c000000, 0x000000060c000000, 0x000000060c400000|  0%| F|  |TAMS 0x000000060c000000| PB 0x000000060c000000| Untracked 
|  40|0x000000060c400000, 0x000000060c400000, 0x000000060c800000|  0%| F|  |TAMS 0x000000060c400000| PB 0x000000060c400000| Untracked 
|  41|0x000000060c800000, 0x000000060c800000, 0x000000060cc00000|  0%| F|  |TAMS 0x000000060c800000| PB 0x000000060c800000| Untracked 
|  42|0x000000060cc00000, 0x000000060cc00000, 0x000000060d000000|  0%| F|  |TAMS 0x000000060cc00000| PB 0x000000060cc00000| Untracked 
|  43|0x000000060d000000, 0x000000060d000000, 0x000000060d400000|  0%| F|  |TAMS 0x000000060d000000| PB 0x000000060d000000| Untracked 
|  44|0x000000060d400000, 0x000000060d400000, 0x000000060d800000|  0%| F|  |TAMS 0x000000060d400000| PB 0x000000060d400000| Untracked 
|  45|0x000000060d800000, 0x000000060d800000, 0x000000060dc00000|  0%| F|  |TAMS 0x000000060d800000| PB 0x000000060d800000| Untracked 
|  46|0x000000060dc00000, 0x000000060dc00000, 0x000000060e000000|  0%| F|  |TAMS 0x000000060dc00000| PB 0x000000060dc00000| Untracked 
|  47|0x000000060e000000, 0x000000060e000000, 0x000000060e400000|  0%| F|  |TAMS 0x000000060e000000| PB 0x000000060e000000| Untracked 
|  48|0x000000060e400000, 0x000000060e400000, 0x000000060e800000|  0%| F|  |TAMS 0x000000060e400000| PB 0x000000060e400000| Untracked 
|  49|0x000000060e800000, 0x000000060e800000, 0x000000060ec00000|  0%| F|  |TAMS 0x000000060e800000| PB 0x000000060e800000| Untracked 
|  50|0x000000060ec00000, 0x000000060ec00000, 0x000000060f000000|  0%| F|  |TAMS 0x000000060ec00000| PB 0x000000060ec00000| Untracked 
|  51|0x000000060f000000, 0x000000060f000000, 0x000000060f400000|  0%| F|  |TAMS 0x000000060f000000| PB 0x000000060f000000| Untracked 
|  52|0x000000060f400000, 0x000000060f400000, 0x000000060f800000|  0%| F|  |TAMS 0x000000060f400000| PB 0x000000060f400000| Untracked 
|  53|0x000000060f800000, 0x000000060f800000, 0x000000060fc00000|  0%| F|  |TAMS 0x000000060f800000| PB 0x000000060f800000| Untracked 
|  54|0x000000060fc00000, 0x000000060fc00000, 0x0000000610000000|  0%| F|  |TAMS 0x000000060fc00000| PB 0x000000060fc00000| Untracked 
|  55|0x0000000610000000, 0x0000000610000000, 0x0000000610400000|  0%| F|  |TAMS 0x0000000610000000| PB 0x0000000610000000| Untracked 
|  56|0x0000000610400000, 0x0000000610400000, 0x0000000610800000|  0%| F|  |TAMS 0x0000000610400000| PB 0x0000000610400000| Untracked 
|  57|0x0000000610800000, 0x0000000610800000, 0x0000000610c00000|  0%| F|  |TAMS 0x0000000610800000| PB 0x0000000610800000| Untracked 
|  58|0x0000000610c00000, 0x0000000610c00000, 0x0000000611000000|  0%| F|  |TAMS 0x0000000610c00000| PB 0x0000000610c00000| Untracked 
|  59|0x0000000611000000, 0x0000000611000000, 0x0000000611400000|  0%| F|  |TAMS 0x0000000611000000| PB 0x0000000611000000| Untracked 
|  60|0x0000000611400000, 0x0000000611400000, 0x0000000611800000|  0%| F|  |TAMS 0x0000000611400000| PB 0x0000000611400000| Untracked 
|  61|0x0000000611800000, 0x0000000611800000, 0x0000000611c00000|  0%| F|  |TAMS 0x0000000611800000| PB 0x0000000611800000| Untracked 
|  62|0x0000000611c00000, 0x0000000611c00000, 0x0000000612000000|  0%| F|  |TAMS 0x0000000611c00000| PB 0x0000000611c00000| Untracked 
|  63|0x0000000612000000, 0x0000000612000000, 0x0000000612400000|  0%| F|  |TAMS 0x0000000612000000| PB 0x0000000612000000| Untracked 
|  64|0x0000000612400000, 0x0000000612400000, 0x0000000612800000|  0%| F|  |TAMS 0x0000000612400000| PB 0x0000000612400000| Untracked 
|  65|0x0000000612800000, 0x0000000612800000, 0x0000000612c00000|  0%| F|  |TAMS 0x0000000612800000| PB 0x0000000612800000| Untracked 
|  66|0x0000000612c00000, 0x0000000612c00000, 0x0000000613000000|  0%| F|  |TAMS 0x0000000612c00000| PB 0x0000000612c00000| Untracked 
|  67|0x0000000613000000, 0x0000000613000000, 0x0000000613400000|  0%| F|  |TAMS 0x0000000613000000| PB 0x0000000613000000| Untracked 
|  68|0x0000000613400000, 0x0000000613400000, 0x0000000613800000|  0%| F|  |TAMS 0x0000000613400000| PB 0x0000000613400000| Untracked 
|  69|0x0000000613800000, 0x0000000613800000, 0x0000000613c00000|  0%| F|  |TAMS 0x0000000613800000| PB 0x0000000613800000| Untracked 
|  70|0x0000000613c00000, 0x0000000613c00000, 0x0000000614000000|  0%| F|  |TAMS 0x0000000613c00000| PB 0x0000000613c00000| Untracked 
|  71|0x0000000614000000, 0x0000000614000000, 0x0000000614400000|  0%| F|  |TAMS 0x0000000614000000| PB 0x0000000614000000| Untracked 
|  72|0x0000000614400000, 0x0000000614400000, 0x0000000614800000|  0%| F|  |TAMS 0x0000000614400000| PB 0x0000000614400000| Untracked 
|  73|0x0000000614800000, 0x0000000614800000, 0x0000000614c00000|  0%| F|  |TAMS 0x0000000614800000| PB 0x0000000614800000| Untracked 
|  74|0x0000000614c00000, 0x0000000614c00000, 0x0000000615000000|  0%| F|  |TAMS 0x0000000614c00000| PB 0x0000000614c00000| Untracked 
|  75|0x0000000615000000, 0x0000000615000000, 0x0000000615400000|  0%| F|  |TAMS 0x0000000615000000| PB 0x0000000615000000| Untracked 
|  76|0x0000000615400000, 0x0000000615400000, 0x0000000615800000|  0%| F|  |TAMS 0x0000000615400000| PB 0x0000000615400000| Untracked 
|  77|0x0000000615800000, 0x0000000615800000, 0x0000000615c00000|  0%| F|  |TAMS 0x0000000615800000| PB 0x0000000615800000| Untracked 
|  78|0x0000000615c00000, 0x0000000615c00000, 0x0000000616000000|  0%| F|  |TAMS 0x0000000615c00000| PB 0x0000000615c00000| Untracked 
|  79|0x0000000616000000, 0x0000000616000000, 0x0000000616400000|  0%| F|  |TAMS 0x0000000616000000| PB 0x0000000616000000| Untracked 
|  80|0x0000000616400000, 0x0000000616400000, 0x0000000616800000|  0%| F|  |TAMS 0x0000000616400000| PB 0x0000000616400000| Untracked 
|  81|0x0000000616800000, 0x0000000616800000, 0x0000000616c00000|  0%| F|  |TAMS 0x0000000616800000| PB 0x0000000616800000| Untracked 
|  82|0x0000000616c00000, 0x0000000616c00000, 0x0000000617000000|  0%| F|  |TAMS 0x0000000616c00000| PB 0x0000000616c00000| Untracked 
|  83|0x0000000617000000, 0x0000000617000000, 0x0000000617400000|  0%| F|  |TAMS 0x0000000617000000| PB 0x0000000617000000| Untracked 
|  84|0x0000000617400000, 0x0000000617400000, 0x0000000617800000|  0%| F|  |TAMS 0x0000000617400000| PB 0x0000000617400000| Untracked 
|  85|0x0000000617800000, 0x0000000617800000, 0x0000000617c00000|  0%| F|  |TAMS 0x0000000617800000| PB 0x0000000617800000| Untracked 
|  86|0x0000000617c00000, 0x0000000617c00000, 0x0000000618000000|  0%| F|  |TAMS 0x0000000617c00000| PB 0x0000000617c00000| Untracked 
|  87|0x0000000618000000, 0x0000000618000000, 0x0000000618400000|  0%| F|  |TAMS 0x0000000618000000| PB 0x0000000618000000| Untracked 
|  88|0x0000000618400000, 0x0000000618400000, 0x0000000618800000|  0%| F|  |TAMS 0x0000000618400000| PB 0x0000000618400000| Untracked 
|  89|0x0000000618800000, 0x0000000618800000, 0x0000000618c00000|  0%| F|  |TAMS 0x0000000618800000| PB 0x0000000618800000| Untracked 
|  90|0x0000000618c00000, 0x0000000618c00000, 0x0000000619000000|  0%| F|  |TAMS 0x0000000618c00000| PB 0x0000000618c00000| Untracked 
|  91|0x0000000619000000, 0x0000000619000000, 0x0000000619400000|  0%| F|  |TAMS 0x0000000619000000| PB 0x0000000619000000| Untracked 
|  92|0x0000000619400000, 0x0000000619400000, 0x0000000619800000|  0%| F|  |TAMS 0x0000000619400000| PB 0x0000000619400000| Untracked 
|  93|0x0000000619800000, 0x0000000619800000, 0x0000000619c00000|  0%| F|  |TAMS 0x0000000619800000| PB 0x0000000619800000| Untracked 
|  94|0x0000000619c00000, 0x0000000619c00000, 0x000000061a000000|  0%| F|  |TAMS 0x0000000619c00000| PB 0x0000000619c00000| Untracked 
|  95|0x000000061a000000, 0x000000061a000000, 0x000000061a400000|  0%| F|  |TAMS 0x000000061a000000| PB 0x000000061a000000| Untracked 
|  96|0x000000061a400000, 0x000000061a400000, 0x000000061a800000|  0%| F|  |TAMS 0x000000061a400000| PB 0x000000061a400000| Untracked 
|  97|0x000000061a800000, 0x000000061a800000, 0x000000061ac00000|  0%| F|  |TAMS 0x000000061a800000| PB 0x000000061a800000| Untracked 
|  98|0x000000061ac00000, 0x000000061ac00000, 0x000000061b000000|  0%| F|  |TAMS 0x000000061ac00000| PB 0x000000061ac00000| Untracked 
|  99|0x000000061b000000, 0x000000061b000000, 0x000000061b400000|  0%| F|  |TAMS 0x000000061b000000| PB 0x000000061b000000| Untracked 
| 100|0x000000061b400000, 0x000000061b400000, 0x000000061b800000|  0%| F|  |TAMS 0x000000061b400000| PB 0x000000061b400000| Untracked 
| 101|0x000000061b800000, 0x000000061b800000, 0x000000061bc00000|  0%| F|  |TAMS 0x000000061b800000| PB 0x000000061b800000| Untracked 
| 102|0x000000061bc00000, 0x000000061bc00000, 0x000000061c000000|  0%| F|  |TAMS 0x000000061bc00000| PB 0x000000061bc00000| Untracked 
| 103|0x000000061c000000, 0x000000061c000000, 0x000000061c400000|  0%| F|  |TAMS 0x000000061c000000| PB 0x000000061c000000| Untracked 
| 104|0x000000061c400000, 0x000000061c400000, 0x000000061c800000|  0%| F|  |TAMS 0x000000061c400000| PB 0x000000061c400000| Untracked 
| 105|0x000000061c800000, 0x000000061c800000, 0x000000061cc00000|  0%| F|  |TAMS 0x000000061c800000| PB 0x000000061c800000| Untracked 
| 106|0x000000061cc00000, 0x000000061cc00000, 0x000000061d000000|  0%| F|  |TAMS 0x000000061cc00000| PB 0x000000061cc00000| Untracked 
| 107|0x000000061d000000, 0x000000061d000000, 0x000000061d400000|  0%| F|  |TAMS 0x000000061d000000| PB 0x000000061d000000| Untracked 
| 108|0x000000061d400000, 0x000000061d400000, 0x000000061d800000|  0%| F|  |TAMS 0x000000061d400000| PB 0x000000061d400000| Untracked 
| 109|0x000000061d800000, 0x000000061d800000, 0x000000061dc00000|  0%| F|  |TAMS 0x000000061d800000| PB 0x000000061d800000| Untracked 
| 110|0x000000061dc00000, 0x000000061dc00000, 0x000000061e000000|  0%| F|  |TAMS 0x000000061dc00000| PB 0x000000061dc00000| Untracked 
| 111|0x000000061e000000, 0x000000061e000000, 0x000000061e400000|  0%| F|  |TAMS 0x000000061e000000| PB 0x000000061e000000| Untracked 
| 112|0x000000061e400000, 0x000000061e400000, 0x000000061e800000|  0%| F|  |TAMS 0x000000061e400000| PB 0x000000061e400000| Untracked 
| 113|0x000000061e800000, 0x000000061e800000, 0x000000061ec00000|  0%| F|  |TAMS 0x000000061e800000| PB 0x000000061e800000| Untracked 
| 114|0x000000061ec00000, 0x000000061ec00000, 0x000000061f000000|  0%| F|  |TAMS 0x000000061ec00000| PB 0x000000061ec00000| Untracked 
| 115|0x000000061f000000, 0x000000061f000000, 0x000000061f400000|  0%| F|  |TAMS 0x000000061f000000| PB 0x000000061f000000| Untracked 
| 116|0x000000061f400000, 0x000000061f400000, 0x000000061f800000|  0%| F|  |TAMS 0x000000061f400000| PB 0x000000061f400000| Untracked 
| 117|0x000000061f800000, 0x000000061f800000, 0x000000061fc00000|  0%| F|  |TAMS 0x000000061f800000| PB 0x000000061f800000| Untracked 
| 118|0x000000061fc00000, 0x000000061fc00000, 0x0000000620000000|  0%| F|  |TAMS 0x000000061fc00000| PB 0x000000061fc00000| Untracked 
| 119|0x0000000620000000, 0x0000000620000000, 0x0000000620400000|  0%| F|  |TAMS 0x0000000620000000| PB 0x0000000620000000| Untracked 
| 120|0x0000000620400000, 0x0000000620400000, 0x0000000620800000|  0%| F|  |TAMS 0x0000000620400000| PB 0x0000000620400000| Untracked 
| 121|0x0000000620800000, 0x0000000620800000, 0x0000000620c00000|  0%| F|  |TAMS 0x0000000620800000| PB 0x0000000620800000| Untracked 
| 122|0x0000000620c00000, 0x0000000620c00000, 0x0000000621000000|  0%| F|  |TAMS 0x0000000620c00000| PB 0x0000000620c00000| Untracked 
| 123|0x0000000621000000, 0x00000006212e8370, 0x0000000621400000| 72%| E|  |TAMS 0x0000000621000000| PB 0x0000000621000000| Complete 
| 124|0x0000000621400000, 0x0000000621800000, 0x0000000621800000|100%| E|CS|TAMS 0x0000000621400000| PB 0x0000000621400000| Complete 
| 125|0x0000000621800000, 0x0000000621c00000, 0x0000000621c00000|100%| E|CS|TAMS 0x0000000621800000| PB 0x0000000621800000| Complete 
| 126|0x0000000621c00000, 0x0000000622000000, 0x0000000622000000|100%| E|CS|TAMS 0x0000000621c00000| PB 0x0000000621c00000| Complete 
| 127|0x0000000622000000, 0x0000000622400000, 0x0000000622400000|100%| E|CS|TAMS 0x0000000622000000| PB 0x0000000622000000| Complete 

Card table byte_map: [0x0000025b186f0000,0x0000025b196e0000] _byte_map_base: 0x0000025b156de000

Marking Bits: (CMBitMap*) 0x0000025b03f83880
 Bits: [0x0000025b196e0000, 0x0000025b21650000)

Polling page: 0x0000025b035f0000

Metaspace:

Usage:
  Non-class:      8.31 MB used.
      Class:      1.08 MB used.
       Both:      9.38 MB used.

Virtual space:
  Non-class space:       64.00 MB reserved,       8.44 MB ( 13%) committed,  1 nodes.
      Class space:        1.00 GB reserved,       1.19 MB ( <1%) committed,  1 nodes.
             Both:        1.06 GB reserved,       9.62 MB ( <1%) committed. 

Chunk freelists:
   Non-Class:  6.76 MB
       Class:  14.66 MB
        Both:  21.42 MB

MaxMetaspaceSize: unlimited
CompressedClassSpaceSize: 1.00 GB
Initial GC threshold: 21.00 MB
Current GC threshold: 21.00 MB
CDS: on
 - commit_granule_bytes: 65536.
 - commit_granule_words: 8192.
 - virtual_space_node_default_size: 8388608.
 - enlarge_chunks_in_place: 1.
 - use_allocation_guard: 0.


Internal statistics:

num_allocs_failed_limit: 0.
num_arena_births: 268.
num_arena_deaths: 0.
num_vsnodes_births: 2.
num_vsnodes_deaths: 0.
num_space_committed: 154.
num_space_uncommitted: 0.
num_chunks_returned_to_freelist: 0.
num_chunks_taken_from_freelist: 447.
num_chunk_merges: 0.
num_chunk_splits: 262.
num_chunks_enlarged: 131.
num_inconsistent_stats: 0.

CodeHeap 'non-profiled nmethods': size=119168Kb used=430Kb max_used=430Kb free=118737Kb
 bounds [0x0000025b0fa10000, 0x0000025b0fc80000, 0x0000025b16e70000]
CodeHeap 'profiled nmethods': size=119104Kb used=2343Kb max_used=2343Kb free=116760Kb
 bounds [0x0000025b07e70000, 0x0000025b080e0000, 0x0000025b0f2c0000]
CodeHeap 'non-nmethods': size=7488Kb used=2558Kb max_used=2582Kb free=4929Kb
 bounds [0x0000025b0f2c0000, 0x0000025b0f550000, 0x0000025b0fa10000]
 total_blobs=1878 nmethods=1359 adapters=422
 compilation: enabled
              stopped_count=0, restarted_count=0
 full_count=0

Compilation events (20 events):
Event: 0.366 Thread 0x0000025b24a92470 nmethod 1351 0x0000025b080b4210 code [0x0000025b080b43e0, 0x0000025b080b46c0]
Event: 0.366 Thread 0x0000025b248a3d10 nmethod 1349 0x0000025b080b4790 code [0x0000025b080b4980, 0x0000025b080b4cb0]
Event: 0.366 Thread 0x0000025b24a92470 1352       3       jdk.internal.ref.CleanerImpl$PhantomCleanableRef::performCleanup (10 bytes)
Event: 0.366 Thread 0x0000025b248a3d10 1353       3       jdk.internal.module.SystemModuleFinders$SystemModuleReader::read (25 bytes)
Event: 0.366 Thread 0x0000025b24a92470 nmethod 1352 0x0000025b080b4e90 code [0x0000025b080b5040, 0x0000025b080b5220]
Event: 0.366 Thread 0x0000025b24a92470 1354       3       jdk.internal.module.SystemModuleFinders$SystemModuleReader::findImageLocation (42 bytes)
Event: 0.366 Thread 0x0000025b247b6cf0 nmethod 1357 0x0000025b080b5310 code [0x0000025b080b5560, 0x0000025b080b5e50]
Event: 0.366 Thread 0x0000025b247b6cf0 1355       3       jdk.internal.jimage.ImageReader::findLocation (14 bytes)
Event: 0.367 Thread 0x0000025b248a3d10 nmethod 1353 0x0000025b080b6290 code [0x0000025b080b64e0, 0x0000025b080b6d38]
Event: 0.367 Thread 0x0000025b24a92470 nmethod 1354 0x0000025b080b7090 code [0x0000025b080b72c0, 0x0000025b080b7970]
Event: 0.367 Thread 0x0000025b248a3d10 1356       3       jdk.internal.jimage.ImageLocation::<init> (27 bytes)
Event: 0.367 Thread 0x0000025b24a92470 1358       3       jdk.internal.module.SystemModuleFinders$SystemModuleReader::release (10 bytes)
Event: 0.367 Thread 0x0000025b247b6cf0 nmethod 1355 0x0000025b080b7c10 code [0x0000025b080b7de0, 0x0000025b080b8130]
Event: 0.367 Thread 0x0000025b247b6cf0 1359       3       jdk.internal.jimage.ImageReader::releaseByteBuffer (5 bytes)
Event: 0.367 Thread 0x0000025b24a92470 nmethod 1358 0x0000025b080b8290 code [0x0000025b080b8480, 0x0000025b080b88f0]
Event: 0.367 Thread 0x0000025b248a3d10 nmethod 1356 0x0000025b080b8a90 code [0x0000025b080b8c80, 0x0000025b080b9268]
Event: 0.367 Thread 0x0000025b24a92470 1360       3       jdk.internal.jimage.BasicImageReader::releaseByteBuffer (16 bytes)
Event: 0.367 Thread 0x0000025b247b6cf0 nmethod 1359 0x0000025b080b9410 code [0x0000025b080b95e0, 0x0000025b080b9890]
Event: 0.367 Thread 0x0000025b24a92470 nmethod 1360 0x0000025b080b9990 code [0x0000025b080b9b40, 0x0000025b080b9d98]
Event: 0.367 Thread 0x0000025b6a2308f0 1361       4       java.lang.invoke.VarHandle::checkAccessModeThenIsDirect (29 bytes)

GC Heap History (0 events):
No events

Dll operation events (2 events):
Event: 0.004 Loaded shared library C:\Program Files\JetBrains\PyCharm 2024.3\jbr\bin\java.dll
Event: 0.030 Loaded shared library C:\Program Files\JetBrains\PyCharm 2024.3\jbr\bin\zip.dll

Deoptimization events (20 events):
Event: 0.317 Thread 0x0000025b2478ca60 Uncommon trap: trap_request=0xffffff66 fr.pc=0x0000025b0fa6a874 relative=0x0000000000000314
Event: 0.317 Thread 0x0000025b2478ca60 Uncommon trap: reason=speculate_class_check action=maybe_recompile pc=0x0000025b0fa6a874 method=sun.security.util.math.intpoly.IntegerPolynomial.multByInt([JJ)V @ 26 c2
Event: 0.317 Thread 0x0000025b2478ca60 DEOPT PACKING pc=0x0000025b0fa6a874 sp=0x000000a1fbefe4c0
Event: 0.317 Thread 0x0000025b2478ca60 DEOPT UNPACKING pc=0x0000025b0f3146a2 sp=0x000000a1fbefe3a8 mode 2
Event: 0.317 Thread 0x0000025b2478ca60 Uncommon trap: trap_request=0xffffff66 fr.pc=0x0000025b0fa6a874 relative=0x0000000000000314
Event: 0.317 Thread 0x0000025b2478ca60 Uncommon trap: reason=speculate_class_check action=maybe_recompile pc=0x0000025b0fa6a874 method=sun.security.util.math.intpoly.IntegerPolynomial.multByInt([JJ)V @ 26 c2
Event: 0.317 Thread 0x0000025b2478ca60 DEOPT PACKING pc=0x0000025b0fa6a874 sp=0x000000a1fbefe4c0
Event: 0.317 Thread 0x0000025b2478ca60 DEOPT UNPACKING pc=0x0000025b0f3146a2 sp=0x000000a1fbefe3a8 mode 2
Event: 0.317 Thread 0x0000025b2478ca60 Uncommon trap: trap_request=0xffffff66 fr.pc=0x0000025b0fa69f74 relative=0x0000000000000314
Event: 0.317 Thread 0x0000025b2478ca60 Uncommon trap: reason=speculate_class_check action=maybe_recompile pc=0x0000025b0fa69f74 method=sun.security.util.math.intpoly.IntegerPolynomial.multByInt([JJ)V @ 26 c2
Event: 0.317 Thread 0x0000025b2478ca60 DEOPT PACKING pc=0x0000025b0fa69f74 sp=0x000000a1fbefe450
Event: 0.317 Thread 0x0000025b2478ca60 DEOPT UNPACKING pc=0x0000025b0f3146a2 sp=0x000000a1fbefe3a0 mode 2
Event: 0.317 Thread 0x0000025b2478ca60 Uncommon trap: trap_request=0xffffff66 fr.pc=0x0000025b0fa69f74 relative=0x0000000000000314
Event: 0.317 Thread 0x0000025b2478ca60 Uncommon trap: reason=speculate_class_check action=maybe_recompile pc=0x0000025b0fa69f74 method=sun.security.util.math.intpoly.IntegerPolynomial.multByInt([JJ)V @ 26 c2
Event: 0.317 Thread 0x0000025b2478ca60 DEOPT PACKING pc=0x0000025b0fa69f74 sp=0x000000a1fbefe450
Event: 0.317 Thread 0x0000025b2478ca60 DEOPT UNPACKING pc=0x0000025b0f3146a2 sp=0x000000a1fbefe3a0 mode 2
Event: 0.354 Thread 0x0000025b2478ca60 Uncommon trap: trap_request=0xffffff45 fr.pc=0x0000025b0fa7455c relative=0x0000000000000a1c
Event: 0.354 Thread 0x0000025b2478ca60 Uncommon trap: reason=unstable_if action=reinterpret pc=0x0000025b0fa7455c method=java.util.HashMap.putVal(ILjava/lang/Object;Ljava/lang/Object;ZZ)Ljava/lang/Object; @ 81 c2
Event: 0.354 Thread 0x0000025b2478ca60 DEOPT PACKING pc=0x0000025b0fa7455c sp=0x000000a1fbefe770
Event: 0.354 Thread 0x0000025b2478ca60 DEOPT UNPACKING pc=0x0000025b0f3146a2 sp=0x000000a1fbefe710 mode 2

Classes loaded (20 events):
Event: 0.357 Loading class java/util/stream/LongPipeline$StatelessOp done
Event: 0.357 Loading class java/util/stream/ReferencePipeline$5 done
Event: 0.358 Loading class java/util/stream/FindOps$FindSink$OfLong
Event: 0.358 Loading class java/util/stream/Sink$OfLong
Event: 0.358 Loading class java/util/stream/Sink$OfLong done
Event: 0.358 Loading class java/util/stream/FindOps$FindSink$OfLong done
Event: 0.358 Loading class java/util/OptionalLong
Event: 0.358 Loading class java/util/OptionalLong done
Event: 0.358 Loading class java/util/stream/ReferencePipeline$5$1
Event: 0.358 Loading class java/util/stream/ReferencePipeline$5$1 done
Event: 0.358 Loading class java/lang/IllegalAccessException
Event: 0.359 Loading class java/lang/IllegalAccessException done
Event: 0.359 Loading class java/lang/invoke/VarHandleBytes$FieldInstanceReadWrite
Event: 0.359 Loading class java/lang/invoke/VarHandleBytes$FieldInstanceReadOnly
Event: 0.359 Loading class java/lang/invoke/VarHandleBytes$FieldInstanceReadOnly done
Event: 0.359 Loading class java/lang/invoke/VarHandleBytes$FieldInstanceReadWrite done
Event: 0.364 Loading class java/nio/HeapByteBufferR
Event: 0.364 Loading class java/nio/HeapByteBufferR done
Event: 0.367 Loading class java/util/LinkedList$DescendingIterator
Event: 0.367 Loading class java/util/LinkedList$DescendingIterator done

Classes unloaded (0 events):
No events

Classes redefined (0 events):
No events

Internal exceptions (20 events):
Event: 0.156 Thread 0x0000025b01b156f0 Exception <a 'java/lang/NoSuchMethodError'{0x000000062180ec90}: 'int java.lang.invoke.DirectMethodHandle$Holder.invokeStaticInit(java.lang.Object, double, double)'> (0x000000062180ec90) 
thrown [s\src\hotspot\share\interpreter\linkResolver.cpp, line 784]
Event: 0.157 Thread 0x0000025b01b156f0 Exception <a 'java/lang/NoSuchMethodError'{0x0000000621813318}: 'int java.lang.invoke.DirectMethodHandle$Holder.invokeStatic(java.lang.Object, long)'> (0x0000000621813318) 
thrown [s\src\hotspot\share\interpreter\linkResolver.cpp, line 784]
Event: 0.160 Thread 0x0000025b01b156f0 Exception <a 'java/lang/NoSuchMethodError'{0x000000062183cd68}: 'java.lang.Object java.lang.invoke.DirectMethodHandle$Holder.invokeSpecial(java.lang.Object, java.lang.Object, int, java.lang.Object, java.lang.Object)'> (0x000000062183cd68) 
thrown [s\src\hotspot\share\interpreter\linkResolver.cpp, line 784]
Event: 0.160 Thread 0x0000025b01b156f0 Exception <a 'java/lang/NoSuchMethodError'{0x00000006218406f8}: 'java.lang.Object java.lang.invoke.DelegatingMethodHandle$Holder.delegate(java.lang.Object, int, java.lang.Object, java.lang.Object)'> (0x00000006218406f8) 
thrown [s\src\hotspot\share\interpreter\linkResolver.cpp, line 784]
Event: 0.161 Thread 0x0000025b01b156f0 Exception <a 'java/lang/NoSuchMethodError'{0x000000062184fa18}: 'int java.lang.invoke.Invokers$Holder.linkToTargetMethod(java.lang.Object, java.lang.Object, java.lang.Object)'> (0x000000062184fa18) 
thrown [s\src\hotspot\share\interpreter\linkResolver.cpp, line 784]
Event: 0.163 Thread 0x0000025b01b156f0 Exception <a 'java/lang/NoSuchMethodError'{0x0000000621881928}: 'long java.lang.invoke.DirectMethodHandle$Holder.invokeSpecial(java.lang.Object, java.lang.Object)'> (0x0000000621881928) 
thrown [s\src\hotspot\share\interpreter\linkResolver.cpp, line 784]
Event: 0.164 Thread 0x0000025b01b156f0 Exception <a 'java/lang/NoSuchMethodError'{0x00000006218881f8}: 'int java.lang.invoke.DirectMethodHandle$Holder.invokeStatic(java.lang.Object, java.lang.Object, java.lang.Object, java.lang.Object)'> (0x00000006218881f8) 
thrown [s\src\hotspot\share\interpreter\linkResolver.cpp, line 784]
Event: 0.164 Thread 0x0000025b01b156f0 Exception <a 'java/lang/NoSuchMethodError'{0x000000062188b618}: 'java.lang.Object java.lang.invoke.Invokers$Holder.invokeExact_MT(java.lang.Object, java.lang.Object, java.lang.Object, java.lang.Object, java.lang.Object, java.lang.Object)'> (0x000000062188b618) 
thrown [s\src\hotspot\share\interpreter\linkResolver.cpp, line 784]
Event: 0.216 Thread 0x0000025b01b156f0 Exception <a 'java/lang/NoSuchMethodError'{0x0000000621a9f8b8}: 'java.lang.Object java.lang.invoke.DirectMethodHandle$Holder.newInvokeSpecial(java.lang.Object, java.lang.Object, java.lang.Object, java.lang.Object, java.lang.Object)'> (0x0000000621a9f8b8) 
thrown [s\src\hotspot\share\interpreter\linkResolver.cpp, line 784]
Event: 0.234 Thread 0x0000025b01b156f0 Exception <a 'java/lang/NoSuchMethodError'{0x00000006214a1d58}: 'java.lang.Object java.lang.invoke.DirectMethodHandle$Holder.invokeSpecial(java.lang.Object, java.lang.Object, java.lang.Object, java.lang.Object, int)'> (0x00000006214a1d58) 
thrown [s\src\hotspot\share\interpreter\linkResolver.cpp, line 784]
Event: 0.234 Thread 0x0000025b01b156f0 Exception <a 'java/lang/NoSuchMethodError'{0x00000006214a56c0}: 'java.lang.Object java.lang.invoke.Invokers$Holder.linkToTargetMethod(java.lang.Object, java.lang.Object, int, java.lang.Object)'> (0x00000006214a56c0) 
thrown [s\src\hotspot\share\interpreter\linkResolver.cpp, line 784]
Event: 0.238 Thread 0x0000025b01b156f0 Exception <a 'java/lang/NoSuchMethodError'{0x00000006214d3768}: 'void java.lang.invoke.DirectMethodHandle$Holder.invokeSpecial(java.lang.Object, java.lang.Object, java.lang.Object)'> (0x00000006214d3768) 
thrown [s\src\hotspot\share\interpreter\linkResolver.cpp, line 784]
Event: 0.246 Thread 0x0000025b24789c70 Exception <a 'java/lang/NoSuchMethodError'{0x0000000621b06dd8}: 'void java.lang.invoke.DirectMethodHandle$Holder.invokeStatic(java.lang.Object, java.lang.Object, int)'> (0x0000000621b06dd8) 
thrown [s\src\hotspot\share\interpreter\linkResolver.cpp, line 784]
Event: 0.246 Thread 0x0000025b01b156f0 Exception <a 'java/lang/NoSuchMethodError'{0x0000000621563150}: 'void java.lang.invoke.DirectMethodHandle$Holder.invokeSpecial(java.lang.Object, java.lang.Object, java.lang.Object, java.lang.Object, java.lang.Object)'> (0x0000000621563150) 
thrown [s\src\hotspot\share\interpreter\linkResolver.cpp, line 784]
Event: 0.249 Thread 0x0000025b24789c70 Exception <a 'java/lang/NoSuchMethodError'{0x0000000621b40ad0}: 'void java.lang.invoke.DirectMethodHandle$Holder.invokeStatic(java.lang.Object, java.lang.Object)'> (0x0000000621b40ad0) 
thrown [s\src\hotspot\share\interpreter\linkResolver.cpp, line 784]
Event: 0.250 Thread 0x0000025b2478ca60 Exception <a 'java/lang/NoSuchMethodError'{0x00000006215b8998}: 'void java.lang.invoke.DirectMethodHandle$Holder.invokeInterface(java.lang.Object, java.lang.Object, java.lang.Object)'> (0x00000006215b8998) 
thrown [s\src\hotspot\share\interpreter\linkResolver.cpp, line 784]
Event: 0.254 Thread 0x0000025b2478ca60 Exception <a 'java/lang/NoSuchMethodError'{0x000000062160a850}: 'void java.lang.invoke.DirectMethodHandle$Holder.invokeVirtual(java.lang.Object, java.lang.Object)'> (0x000000062160a850) 
thrown [s\src\hotspot\share\interpreter\linkResolver.cpp, line 784]
Event: 0.313 Thread 0x0000025b2478ca60 Exception <a 'java/lang/NoSuchMethodError'{0x0000000621022188}: 'void java.lang.invoke.DirectMethodHandle$Holder.invokeInterface(java.lang.Object, java.lang.Object)'> (0x0000000621022188) 
thrown [s\src\hotspot\share\interpreter\linkResolver.cpp, line 784]
Event: 0.335 Thread 0x0000025b2478ca60 Exception <a 'java/lang/NoSuchMethodError'{0x0000000621099bf0}: 'void java.lang.invoke.DirectMethodHandle$Holder.invokeStatic(java.lang.Object, java.lang.Object, java.lang.Object, java.lang.Object)'> (0x0000000621099bf0) 
thrown [s\src\hotspot\share\interpreter\linkResolver.cpp, line 784]
Event: 0.362 Thread 0x0000025b2478ca60 Exception <a 'java/lang/NoSuchMethodError'{0x0000000621252a68}: 'void java.lang.invoke.DirectMethodHandle$Holder.invokeSpecial(java.lang.Object, java.lang.Object, java.lang.Object, java.lang.Object, java.lang.Object, java.lang.Object, java.lang.Object)'> (0x0000000621252a68) 
thrown [s\src\hotspot\share\interpreter\linkResolver.cpp, line 784]

ZGC Phase Switch (0 events):
No events

VM Operations (15 events):
Event: 0.037 Executing VM operation: HandshakeAllThreads (Deoptimize)
Event: 0.037 Executing VM operation: HandshakeAllThreads (Deoptimize) done
Event: 0.041 Executing VM operation: HandshakeAllThreads (Deoptimize)
Event: 0.041 Executing VM operation: HandshakeAllThreads (Deoptimize) done
Event: 0.120 Executing VM operation: HandshakeAllThreads (Deoptimize)
Event: 0.120 Executing VM operation: HandshakeAllThreads (Deoptimize) done
Event: 0.247 Executing VM operation: HandshakeAllThreads (Deoptimize)
Event: 0.247 Executing VM operation: HandshakeAllThreads (Deoptimize) done
Event: 0.314 Executing VM operation: ICBufferFull
Event: 0.314 Executing VM operation: ICBufferFull done
Event: 0.356 Executing VM operation: HandshakeAllThreads (Deoptimize)
Event: 0.356 Executing VM operation: HandshakeAllThreads (Deoptimize) done
Event: 0.364 Executing VM operation: HandshakeAllThreads (Deoptimize)
Event: 0.364 Executing VM operation: HandshakeAllThreads (Deoptimize) done
Event: 0.367 Executing VM operation: Exit

Memory protections (0 events):
No events

Nmethod flushes (0 events):
No events

Events (20 events):
Event: 0.021 Thread 0x0000025b01b156f0 Thread added: 0x0000025b247a2d50
Event: 0.021 Thread 0x0000025b01b156f0 Thread added: 0x0000025b247b6cf0
Event: 0.027 Thread 0x0000025b247b6cf0 Thread added: 0x0000025b248a3d10
Event: 0.029 Thread 0x0000025b01b156f0 Thread added: 0x0000025b247895e0
Event: 0.031 Thread 0x0000025b01b156f0 Thread added: 0x0000025b2478b020
Event: 0.032 Loaded shared library C:\Program Files\JetBrains\PyCharm 2024.3\jbr\bin\net.dll
Event: 0.033 Loaded shared library C:\Program Files\JetBrains\PyCharm 2024.3\jbr\bin\nio.dll
Event: 0.035 Loaded shared library C:\Program Files\JetBrains\PyCharm 2024.3\jbr\bin\zip.dll
Event: 0.064 Loaded shared library C:\Program Files\JetBrains\PyCharm 2024.3\jbr\bin\jimage.dll
Event: 0.125 Thread 0x0000025b248a3d10 Thread added: 0x0000025b24a92470
Event: 0.182 Loaded shared library C:\Program Files\JetBrains\PyCharm 2024.3\jbr\bin\sunmscapi.dll
Event: 0.209 Loaded shared library C:\Program Files\JetBrains\PyCharm 2024.3\jbr\bin\extnet.dll
Event: 0.212 Thread 0x0000025b01b156f0 Thread added: 0x0000025b24789c70
Event: 0.249 Thread 0x0000025b24789c70 Thread added: 0x0000025b2478ca60
Event: 0.257 Thread 0x0000025b24789c70 Thread added: 0x0000025b2478b6b0
Event: 0.280 Thread 0x0000025b247b6cf0 Thread added: 0x0000025b6a22f7a0
Event: 0.280 Thread 0x0000025b247b6cf0 Thread added: 0x0000025b6a230250
Event: 0.281 Thread 0x0000025b24a92470 Thread added: 0x0000025b6a2308f0
Event: 0.285 Thread 0x0000025b247a2d50 Thread added: 0x0000025b6a21c7b0
Event: 0.367 Thread 0x0000025b01b156f0 Before exit entered


Dynamic libraries:
0x00007ff7ed9e0000 - 0x00007ff7ed9ea000 	C:\Program Files\JetBrains\PyCharm 2024.3\jbr\bin\java.exe
0x00007ff9a67c0000 - 0x00007ff9a6a25000 	C:\WINDOWS\SYSTEM32\ntdll.dll
0x00007ff9a5aa0000 - 0x00007ff9a5b69000 	C:\WINDOWS\System32\KERNEL32.DLL
0x00007ff9a3e90000 - 0x00007ff9a4278000 	C:\WINDOWS\System32\KERNELBASE.dll
0x00007ff9a3d40000 - 0x00007ff9a3e8b000 	C:\WINDOWS\System32\ucrtbase.dll
0x00007ff99abe0000 - 0x00007ff99abfb000 	C:\Program Files\JetBrains\PyCharm 2024.3\jbr\bin\VCRUNTIME140.dll
0x00007ff98f7a0000 - 0x00007ff98f7b8000 	C:\Program Files\JetBrains\PyCharm 2024.3\jbr\bin\jli.dll
0x00007ff9a6380000 - 0x00007ff9a654a000 	C:\WINDOWS\System32\USER32.dll
0x00007ff9a3910000 - 0x00007ff9a3937000 	C:\WINDOWS\System32\win32u.dll
0x00007ff9a2aa0000 - 0x00007ff9a2d3a000 	C:\WINDOWS\WinSxS\amd64_microsoft.windows.common-controls_6595b64144ccf1df_6.0.26100.4202_none_3e0698d4e335f517\COMCTL32.dll
0x00007ff9a4c50000 - 0x00007ff9a4c7b000 	C:\WINDOWS\System32\GDI32.dll
0x00007ff9a4b10000 - 0x00007ff9a4bb9000 	C:\WINDOWS\System32\msvcrt.dll
0x00007ff9a3c00000 - 0x00007ff9a3d37000 	C:\WINDOWS\System32\gdi32full.dll
0x00007ff9a3940000 - 0x00007ff9a39e3000 	C:\WINDOWS\System32\msvcp_win.dll
0x00007ff9a5d00000 - 0x00007ff9a5d30000 	C:\WINDOWS\System32\IMM32.DLL
0x00007ff99d490000 - 0x00007ff99d49c000 	C:\Program Files\JetBrains\PyCharm 2024.3\jbr\bin\vcruntime140_1.dll
0x00007ff915920000 - 0x00007ff9159ad000 	C:\Program Files\JetBrains\PyCharm 2024.3\jbr\bin\msvcp140.dll
0x00007ff8a9640000 - 0x00007ff8aa401000 	C:\Program Files\JetBrains\PyCharm 2024.3\jbr\bin\server\jvm.dll
0x00007ff9a45c0000 - 0x00007ff9a4673000 	C:\WINDOWS\System32\ADVAPI32.dll
0x00007ff9a54a0000 - 0x00007ff9a5546000 	C:\WINDOWS\System32\sechost.dll
0x00007ff9a5880000 - 0x00007ff9a5995000 	C:\WINDOWS\System32\RPCRT4.dll
0x00007ff9a4cd0000 - 0x00007ff9a4d44000 	C:\WINDOWS\System32\WS2_32.dll
0x00007ff9a3170000 - 0x00007ff9a31ce000 	C:\WINDOWS\SYSTEM32\POWRPROF.dll
0x00007ff99c4c0000 - 0x00007ff99c4cb000 	C:\WINDOWS\SYSTEM32\VERSION.dll
0x00007ff996cf0000 - 0x00007ff996d25000 	C:\WINDOWS\SYSTEM32\WINMM.dll
0x00007ff9a2e40000 - 0x00007ff9a2e54000 	C:\WINDOWS\SYSTEM32\UMPDC.dll
0x00007ff9a1f80000 - 0x00007ff9a1f9b000 	C:\WINDOWS\SYSTEM32\kernel.appcore.dll
0x00007ff99abd0000 - 0x00007ff99abda000 	C:\Program Files\JetBrains\PyCharm 2024.3\jbr\bin\jimage.dll
0x00007ff9a31e0000 - 0x00007ff9a3421000 	C:\WINDOWS\SYSTEM32\DBGHELP.DLL
0x00007ff9a5ff0000 - 0x00007ff9a6375000 	C:\WINDOWS\System32\combase.dll
0x00007ff9a5c10000 - 0x00007ff9a5cf1000 	C:\WINDOWS\System32\OLEAUT32.dll
0x00007ff9a3060000 - 0x00007ff9a3099000 	C:\WINDOWS\SYSTEM32\dbgcore.DLL
0x00007ff9a4280000 - 0x00007ff9a4319000 	C:\WINDOWS\System32\bcryptPrimitives.dll
0x00007ff99abb0000 - 0x00007ff99abd0000 	C:\Program Files\JetBrains\PyCharm 2024.3\jbr\bin\java.dll
0x00007ff9a4d50000 - 0x00007ff9a5492000 	C:\WINDOWS\System32\SHELL32.dll
0x00007ff9a39f0000 - 0x00007ff9a3b64000 	C:\WINDOWS\System32\wintypes.dll
0x00007ff9a0ab0000 - 0x00007ff9a1308000 	C:\WINDOWS\SYSTEM32\windows.storage.dll
0x00007ff9a5d40000 - 0x00007ff9a5e31000 	C:\WINDOWS\System32\SHCORE.dll
0x00007ff9a59a0000 - 0x00007ff9a5a0a000 	C:\WINDOWS\System32\shlwapi.dll
0x00007ff9a3820000 - 0x00007ff9a384f000 	C:\WINDOWS\SYSTEM32\profapi.dll
0x00007ff99a650000 - 0x00007ff99a668000 	C:\Program Files\JetBrains\PyCharm 2024.3\jbr\bin\zip.dll
0x00007ff99ab60000 - 0x00007ff99ab70000 	C:\Program Files\JetBrains\PyCharm 2024.3\jbr\bin\net.dll
0x00007ff99c220000 - 0x00007ff99c33e000 	C:\WINDOWS\SYSTEM32\WINHTTP.dll
0x00007ff9a2560000 - 0x00007ff9a25ca000 	C:\WINDOWS\system32\mswsock.dll
0x00007ff99a630000 - 0x00007ff99a646000 	C:\Program Files\JetBrains\PyCharm 2024.3\jbr\bin\nio.dll
0x00007ff9a3550000 - 0x00007ff9a356b000 	C:\WINDOWS\SYSTEM32\CRYPTSP.dll
0x00007ff9a1ee0000 - 0x00007ff9a1f1a000 	C:\WINDOWS\system32\rsaenh.dll
0x00007ff9a2820000 - 0x00007ff9a284b000 	C:\WINDOWS\SYSTEM32\USERENV.dll
0x00007ff9a37f0000 - 0x00007ff9a3816000 	C:\WINDOWS\SYSTEM32\bcrypt.dll
0x00007ff9a2900000 - 0x00007ff9a290c000 	C:\WINDOWS\SYSTEM32\CRYPTBASE.dll
0x00007ff9a17a0000 - 0x00007ff9a17d3000 	C:\WINDOWS\SYSTEM32\IPHLPAPI.DLL
0x00007ff9a5a90000 - 0x00007ff9a5a9a000 	C:\WINDOWS\System32\NSI.dll
0x00007ff99a610000 - 0x00007ff99a61e000 	C:\Program Files\JetBrains\PyCharm 2024.3\jbr\bin\sunmscapi.dll
0x00007ff9a43e0000 - 0x00007ff9a4557000 	C:\WINDOWS\System32\CRYPT32.dll
0x00007ff9a2a60000 - 0x00007ff9a2a90000 	C:\WINDOWS\SYSTEM32\ncrypt.dll
0x00007ff9a2a10000 - 0x00007ff9a2a4f000 	C:\WINDOWS\SYSTEM32\NTASN1.dll
0x00007ff9149e0000 - 0x00007ff9149e8000 	C:\WINDOWS\system32\wshunix.dll
0x00007ff99a4a0000 - 0x00007ff99a4a9000 	C:\Program Files\JetBrains\PyCharm 2024.3\jbr\bin\extnet.dll

dbghelp: loaded successfully - version: 4.0.5 - missing functions: none
symbol engine: initialized successfully - sym options: 0x614 - pdb path: .;C:\Program Files\JetBrains\PyCharm 2024.3\jbr\bin;C:\WINDOWS\SYSTEM32;C:\WINDOWS\WinSxS\amd64_microsoft.windows.common-controls_6595b64144ccf1df_6.0.26100.4202_none_3e0698d4e335f517;C:\Program Files\JetBrains\PyCharm 2024.3\jbr\bin\server

VM Arguments:
java_command: git4idea.http.GitAskPassApp Password for 'https://ficklative@github.com': 
java_class_path (initial): C:/Program Files/JetBrains/PyCharm 2024.3/plugins/vcs-git/lib/git4idea-rt.jar;C:/Program Files/JetBrains/PyCharm 2024.3/lib/externalProcess-rt.jar
Launcher Type: SUN_STANDARD

[Global flags]
     intx CICompilerCount                          = 12                                        {product} {ergonomic}
     uint ConcGCThreads                            = 3                                         {product} {ergonomic}
     uint G1ConcRefinementThreads                  = 13                                        {product} {ergonomic}
   size_t G1HeapRegionSize                         = 4194304                                   {product} {ergonomic}
    uintx GCDrainStackTargetSize                   = 64                                        {product} {ergonomic}
   size_t InitialHeapSize                          = 536870912                                 {product} {ergonomic}
   size_t MarkStackSize                            = 4194304                                   {product} {ergonomic}
   size_t MaxHeapSize                              = 8552185856                                {product} {ergonomic}
   size_t MaxNewSize                               = 5129633792                                {product} {ergonomic}
   size_t MinHeapDeltaBytes                        = 4194304                                   {product} {ergonomic}
   size_t MinHeapSize                              = 8388608                                   {product} {ergonomic}
    uintx NonNMethodCodeHeapSize                   = 7602480                                {pd product} {ergonomic}
    uintx NonProfiledCodeHeapSize                  = 122027880                              {pd product} {ergonomic}
    uintx ProfiledCodeHeapSize                     = 122027880                              {pd product} {ergonomic}
    uintx ReservedCodeCacheSize                    = 251658240                              {pd product} {ergonomic}
     bool SegmentedCodeCache                       = true                                      {product} {ergonomic}
   size_t SoftMaxHeapSize                          = 8552185856                             {manageable} {ergonomic}
     bool UseCompressedOops                        = true                           {product lp64_product} {ergonomic}
     bool UseG1GC                                  = true                                      {product} {ergonomic}
     bool UseLargePagesIndividualAllocation        = false                                  {pd product} {ergonomic}

Logging:
Log output configuration:
 #0: stdout all=warning uptime,level,tags foldmultilines=false
 #1: stderr all=off uptime,level,tags foldmultilines=false

Environment Variables:
PATH=C:\Program Files\Git\mingw64\libexec\git-core;C:\Program Files\Git\mingw64\libexec\git-core;C:\Program Files\Git\mingw64\bin;C:\Program Files\Git\usr\bin;C:\Users\fickl\bin;C:\school\cop\COP2373\.venv\Scripts;C:\Program Files\Python312\Scripts;C:\Program Files\Python312;C:\Windows\system32;C:\Windows;C:\Windows\System32\Wbem;C:\Windows\System32\WindowsPowerShell\v1.0;C:\Windows\System32\OpenSSH;C:\Users\fickl\AppData\Local\Programs\cursor\resources\app\bin;C:\WINDOWS\system32;C:\WINDOWS;C:\WINDOWS\System32\Wbem;C:\WINDOWS\System32\WindowsPowerShell\v1.0;C:\WINDOWS\System32\OpenSSH;C:\Program Files\Git\cmd;C:\Program Files\NVIDIA Corporation\NVIDIA App\NvDLISR;C:\Program Files (x86)\NVIDIA Corporation\PhysX\Common;C:\Users\fickl\AppData\Local\Programs\Python\Python313\Scripts;C:\Users\fickl\AppData\Local\Programs\Python\Python313;C:\Users\fickl\AppData\Local\Microsoft\WindowsApps;C:\Users\fickl\AppData\Local\Programs\Microsoft VS Code\bin;C:\Users\fickl\AppData\Local\GitHubDesktop\bin;C:\Users\fickl\AppData\Local\Programs\cursor\resources\app\bin
USERNAME=fickl
DISPLAY=:0.0
LC_ALL=en_US.UTF-8
TERM=xterm-256color
TMPDIR=C:\Users\fickl\AppData\Local\Temp
OS=Windows_NT
PROCESSOR_IDENTIFIER=Intel64 Family 6 Model 191 Stepping 2, GenuineIntel
TMP=C:\Users\fickl\AppData\Local\Temp
TEMP=C:\Users\fickl\AppData\Local\Temp




Periodic native trim disabled

JNI global refs:
JNI global refs: 28, weak refs: 0

JNI global refs memory usage: 835, weak refs: 833

Process memory usage:
Resident Set Size: 97312K (0% of 33406772K total physical memory with 18624072K free physical memory)

OOME stack traces (most recent first):
Classloader memory used:
Loader bootstrap                                                                       : 7564K
Loader jdk.internal.loader.ClassLoaders$PlatformClassLoader                            : 2023K
Loader jdk.internal.loader.ClassLoaders$AppClassLoader                                 : 20416B

---------------  S Y S T E M  ---------------

OS:
 Windows 11 , 64 bit Build 26100 (10.0.26100.4202)
OS uptime: 0 days 15:27 hours
Hyper-V role detected

CPU: total 16 (initial active 16) (8 cores per cpu, 2 threads per core) family 6 model 191 stepping 2 microcode 0x34, cx8, cmov, fxsr, ht, mmx, 3dnowpref, sse, sse2, sse3, ssse3, sse4.1, sse4.2, popcnt, lzcnt, tsc, tscinvbit, avx, avx2, aes, erms, clmul, bmi1, bmi2, adx, sha, fma, vzeroupper, clflush, clflushopt, clwb, hv, serialize, rdtscp, rdpid, fsrm, f16c, cet_ibt, cet_ss
Processor Information for all 16 processors :
  Max Mhz: 2500, Current Mhz: 2500, Mhz Limit: 2500

Memory: 4k page, system-wide physical 32623M (18187M free)
TotalPageFile size 34671M (AvailPageFile size 16572M)
current process WorkingSet (physical memory assigned to process): 95M, peak: 95M
current process commit charge ("private bytes"): 644M, peak: 645M

vm_info: OpenJDK 64-Bit Server VM (21.0.5+8-b631.16) for windows-amd64 JRE (21.0.5+8-b631.16), built on 2024-11-02 by "builduser" with MS VC++ 16.10 / 16.11 (VS2019)

END.
